  Numerical_TicTacToe.cpp
  XO_Classes.cpp
  XO_Demo.cpp
D:\Assignment 3\Board_Games-Assignment_3\BoardGame_Classes.h(96,18): warning C4267: 'initializing': conversion from 'size_t' to 'int', possible loss of data
  (compiling source file 'XO_Demo.cpp')
      D:\Assignment 3\Board_Games-Assignment_3\BoardGame_Classes.h(96,18):
      the template instantiation context (the oldest one first) is
          D:\Assignment 3\Board_Games-Assignment_3\Numerical_TicTacToe.h(21,39):
          see reference to class template instantiation 'UI<int>' being compiled
          D:\Assignment 3\Board_Games-Assignment_3\BoardGame_Classes.h(95,10):
          while compiling class template member function 'void UI<int>::display_board_matrix(const std::vector<std::vector<T,std::allocator<T>>,std::allocator<std::vector<T,std::allocator<T>>>> &)'
          with
          [
              T=int
          ]
              D:\Assignment 3\Board_Games-Assignment_3\BoardGame_Classes.h(159,33):
              see the first reference to 'UI<int>::display_board_matrix' in 'GameManager<int>::run'
              D:\Assignment 3\Board_Games-Assignment_3\XO_Demo.cpp(35,17):
              see the first reference to 'GameManager<int>::run' in 'run_Numerical_TicTacToe_Game'
  
D:\Assignment 3\Board_Games-Assignment_3\BoardGame_Classes.h(97,18): warning C4267: 'initializing': conversion from 'size_t' to 'int', possible loss of data
  (compiling source file 'XO_Demo.cpp')
  
  Generating Code...
  LINK : D:\Assignment 3\Board_Games-Assignment_3\x64\Debug\Board_Game_A3.exe not found or not built by the last incremental link; performing full link
  Board_Game_A3.vcxproj -> D:\Assignment 3\Board_Games-Assignment_3\x64\Debug\Board_Game_A3.exe
