  XO_Classes.cpp
  XO_Demo.cpp
F:\Links\ass3_oop\CS213_A3\BoardGame_Classes.h(225,18): warning C4267: 'initializing': conversion from 'size_t' to 'int', possible loss of data
  (compiling source file 'XO_Demo.cpp')
      F:\Links\ass3_oop\CS213_A3\BoardGame_Classes.h(225,18):
      the template instantiation context (the oldest one first) is
          F:\Links\ass3_oop\CS213_A3\XO_Classes.h(82,22):
          see reference to class template instantiation 'UI<char>' being compiled
          F:\Links\ass3_oop\CS213_A3\BoardGame_Classes.h(222,10):
          while compiling class template member function 'void UI<char>::display_board_matrix(const std::vector<std::vector<T,std::allocator<char>>,std::allocator<std::vector<T,std::allocator<char>>>> &) const'
          with
          [
              T=char
          ]
              F:\Links\ass3_oop\CS213_A3\BoardGame_Classes.h(271,33):
              see the first reference to 'UI<char>::display_board_matrix' in 'GameManager<char>::run'
              F:\Links\ass3_oop\CS213_A3\XO_Demo.cpp(49,17):
              see the first reference to 'GameManager<char>::run' in 'main'
  
F:\Links\ass3_oop\CS213_A3\BoardGame_Classes.h(226,18): warning C4267: 'initializing': conversion from 'size_t' to 'int', possible loss of data
  (compiling source file 'XO_Demo.cpp')
  
  Generating Code...
  CS213_A3.vcxproj -> F:\Links\ass3_oop\CS213_A3\x64\Debug\CS213_A3.exe
